Log file open, 08/29/20 13:55:14
LogInit: Display: Running engine for game: SabadoClase2
LogPlatformFile: Not using cached read wrapper
LogTaskGraph: Started task graph with 5 named threads and 11 total threads with 3 sets of task threads.
LogStats: Stats thread started at 0.325269
LogD3D11RHI: Loaded GFSDK_Aftermath_Lib.x64.dll
LogICUInternationalization: ICU TimeZone Detection - Raw Offset: -5:00, Platform Override: ''
LogPluginManager: Mounting plugin Paper2D
LogPluginManager: Mounting plugin AISupport
LogPluginManager: Mounting plugin LightPropagationVolume
LogPluginManager: Mounting plugin CameraShakePreviewer
LogPluginManager: Mounting plugin ActorLayerUtilities
LogPluginManager: Mounting plugin AnimationSharing
LogPluginManager: Mounting plugin CLionSourceCodeAccess
LogPluginManager: Mounting plugin CodeLiteSourceCodeAccess
LogPluginManager: Mounting plugin GitSourceControl
LogPluginManager: Mounting plugin KDevelopSourceCodeAccess
LogPluginManager: Mounting plugin NullSourceCodeAccess
LogPluginManager: Mounting plugin PerforceSourceControl
LogPluginManager: Mounting plugin PlasticSourceControl
LogPluginManager: Mounting plugin RiderSourceCodeAccess
LogPluginManager: Mounting plugin SubversionSourceControl
LogPluginManager: Mounting plugin UObjectPlugin
LogPluginManager: Mounting plugin VisualStudioCodeSourceCodeAccess
LogPluginManager: Mounting plugin VisualStudioSourceCodeAccess
LogPluginManager: Mounting plugin XCodeSourceCodeAccess
LogPluginManager: Mounting plugin AssetManagerEditor
LogPluginManager: Mounting plugin CryptoKeys
LogPluginManager: Mounting plugin CurveEditorTools
LogPluginManager: Mounting plugin DataValidation
LogPluginManager: Mounting plugin EditorScriptingUtilities
LogPluginManager: Mounting plugin FacialAnimation
LogPluginManager: Mounting plugin GameplayTagsEditor
LogPluginManager: Mounting plugin GeometryMode
LogPluginManager: Mounting plugin MacGraphicsSwitching
LogPluginManager: Mounting plugin MaterialAnalyzer
LogPluginManager: Mounting plugin MobileLauncherProfileWizard
LogPluginManager: Mounting plugin PluginBrowser
LogPluginManager: Mounting plugin SpeedTreeImporter
LogPluginManager: Mounting plugin DatasmithContent
LogPluginManager: Mounting plugin VariantManagerContent
LogPluginManager: Mounting plugin AlembicImporter
LogPluginManager: Mounting plugin AutomationUtils
LogPluginManager: Mounting plugin BackChannel
LogPluginManager: Mounting plugin ChaosCloth
LogPluginManager: Mounting plugin ChaosClothEditor
LogPluginManager: Mounting plugin ChaosEditor
LogPluginManager: Mounting plugin ChaosNiagara
LogPluginManager: Mounting plugin ChaosSolverPlugin
LogPluginManager: Mounting plugin CharacterAI
LogPluginManager: Mounting plugin GeometryCache
LogPluginManager: Mounting plugin GeometryCollectionPlugin
LogPluginManager: Mounting plugin GeometryProcessing
LogPluginManager: Mounting plugin PlanarCut
LogPluginManager: Mounting plugin PlatformCrypto
LogPluginManager: Mounting plugin ProxyLODPlugin
LogPluginManager: Mounting plugin SkeletalReduction
LogPluginManager: Mounting plugin Niagara
LogPluginManager: Mounting plugin MagicLeap
LogPluginManager: Mounting plugin MagicLeapLightEstimation
LogPluginManager: Mounting plugin MagicLeapMedia
LogPluginManager: Mounting plugin MagicLeapPassableWorld
LogPluginManager: Mounting plugin MLSDK
LogPluginManager: Mounting plugin AndroidMedia
LogPluginManager: Mounting plugin AvfMedia
LogPluginManager: Mounting plugin ImgMedia
LogPluginManager: Mounting plugin MediaCompositing
LogPluginManager: Mounting plugin MediaPlayerEditor
LogPluginManager: Mounting plugin WebMMedia
LogPluginManager: Mounting plugin WmfMedia
LogPluginManager: Mounting plugin MeshPainting
LogPluginManager: Mounting plugin TcpMessaging
LogPluginManager: Mounting plugin UdpMessaging
LogPluginManager: Mounting plugin ActorSequence
LogPluginManager: Mounting plugin LevelSequenceEditor
LogPluginManager: Mounting plugin MatineeToLevelSequence
LogPluginManager: Mounting plugin MovieRenderPipeline
LogPluginManager: Mounting plugin TemplateSequence
LogPluginManager: Mounting plugin NetcodeUnitTest
LogPluginManager: Mounting plugin NUTUnrealEngine4
LogPluginManager: Mounting plugin OnlineSubsystemGooglePlay
LogPluginManager: Mounting plugin OnlineSubsystemIOS
LogPluginManager: Mounting plugin OnlineSubsystem
LogPluginManager: Mounting plugin OnlineSubsystemNull
LogPluginManager: Mounting plugin OnlineSubsystemUtils
LogPluginManager: Mounting plugin LauncherChunkInstaller
LogPluginManager: Mounting plugin AndroidDeviceProfileSelector
LogPluginManager: Mounting plugin AndroidMoviePlayer
LogPluginManager: Mounting plugin AndroidPermission
LogPluginManager: Mounting plugin AppleImageUtils
LogPluginManager: Mounting plugin AppleMoviePlayer
LogPluginManager: Mounting plugin ArchVisCharacter
LogPluginManager: Mounting plugin AssetTags
LogPluginManager: Mounting plugin AudioCapture
LogPluginManager: Mounting plugin CableComponent
LogPluginManager: Mounting plugin CustomMeshComponent
LogPluginManager: Mounting plugin EditableMesh
LogPluginManager: Mounting plugin ExampleDeviceProfileSelector
LogPluginManager: Mounting plugin GoogleCloudMessaging
LogPluginManager: Mounting plugin GooglePAD
LogPluginManager: Mounting plugin IOSDeviceProfileSelector
LogPluginManager: Mounting plugin LinuxDeviceProfileSelector
LogPluginManager: Mounting plugin LocationServicesBPLibrary
LogPluginManager: Mounting plugin MobilePatchingUtils
LogPluginManager: Mounting plugin OculusVR
LogPluginManager: Mounting plugin PhysXVehicles
LogPluginManager: Mounting plugin PostSplashScreen
LogPluginManager: Mounting plugin ProceduralMeshComponent
LogPluginManager: Mounting plugin RuntimePhysXCooking
LogPluginManager: Mounting plugin SignificanceManager
LogPluginManager: Mounting plugin SoundFields
LogPluginManager: Mounting plugin SteamVR
LogPluginManager: Mounting plugin Synthesis
LogPluginManager: Mounting plugin WebMMoviePlayer
LogPluginManager: Mounting plugin WindowsMoviePlayer
LogPluginManager: Mounting plugin ScreenshotTools
LogInit: Using libcurl 7.55.1-DEV
LogInit:  - built for x86_64-pc-win32
LogInit:  - supports SSL with OpenSSL/1.1.1
LogInit:  - supports HTTP deflate (compression) using libz 1.2.8
LogInit:  - other features:
LogInit:      CURL_VERSION_SSL
LogInit:      CURL_VERSION_LIBZ
LogInit:      CURL_VERSION_IPV6
LogInit:      CURL_VERSION_ASYNCHDNS
LogInit:      CURL_VERSION_LARGEFILE
LogInit:      CURL_VERSION_IDN
LogInit:  CurlRequestOptions (configurable via config and command line):
LogInit:  - bVerifyPeer = true  - Libcurl will verify peer certificate
LogInit:  - bUseHttpProxy = false  - Libcurl will NOT use HTTP proxy
LogInit:  - bDontReuseConnections = false  - Libcurl will reuse connections
LogInit:  - MaxHostConnections = 16  - Libcurl will limit the number of connections to a host
LogInit:  - LocalHostAddr = Default
LogInit:  - BufferSize = 65536
LogOnline: OSS: Creating online subsystem instance for: NULL
LogInit: WinSock: version 1.1 (2.2), MaxSocks=32767, MaxUdp=65467
LogOnline: OSS: TryLoadSubsystemAndSetDefault: Loaded subsystem for module [NULL]
LogInit: Build: ++UE4+Release-4.25-CL-13942748
LogInit: Engine Version: 4.25.3-13942748+++UE4+Release-4.25
LogInit: Compatible Engine Version: 4.25.0-13144385+++UE4+Release-4.25
LogInit: Net CL: 13144385
LogInit: OS: Windows 10 (Release 1909) (), CPU:         Intel(R) Core(TM) i3-3220 CPU @ 3.30GHz, GPU: Radeon RX 570 Series
LogInit: Compiled (64-bit): Jul 25 2020 02:07:48
LogInit: Compiled with Visual C++: 19.24.28315.00
LogInit: Build Configuration: Development
LogInit: Branch Name: ++UE4+Release-4.25
LogInit: Command Line: 
LogInit: Base Directory: C:/Program Files/Epic Games/UE_4.25/Engine/Binaries/Win64/
LogInit: Allocator: TBB
LogInit: Installed Engine Build: 1
LogDevObjectVersion: Number of dev versions registered: 26
LogDevObjectVersion:   Dev-Blueprints (B0D832E4-1F89-4F0D-ACCF-7EB736FD4AA2): 10
LogDevObjectVersion:   Dev-Build (E1C64328-A22C-4D53-A36C-8E866417BD8C): 0
LogDevObjectVersion:   Dev-Core (375EC13C-06E4-48FB-B500-84F0262A717E): 4
LogDevObjectVersion:   Dev-Editor (E4B068ED-F494-42E9-A231-DA0B2E46BB41): 38
LogDevObjectVersion:   Dev-Framework (CFFC743F-43B0-4480-9391-14DF171D2073): 37
LogDevObjectVersion:   Dev-Mobile (B02B49B5-BB20-44E9-A304-32B752E40360): 2
LogDevObjectVersion:   Dev-Networking (A4E4105C-59A1-49B5-A7C5-40C4547EDFEE): 0
LogDevObjectVersion:   Dev-Online (39C831C9-5AE6-47DC-9A44-9C173E1C8E7C): 0
LogDevObjectVersion:   Dev-Physics (78F01B33-EBEA-4F98-B9B4-84EACCB95AA2): 4
LogDevObjectVersion:   Dev-Platform (6631380F-2D4D-43E0-8009-CF276956A95A): 0
LogDevObjectVersion:   Dev-Rendering (12F88B9F-8875-4AFC-A67C-D90C383ABD29): 43
LogDevObjectVersion:   Dev-Sequencer (7B5AE74C-D270-4C10-A958-57980B212A5A): 12
LogDevObjectVersion:   Dev-VR (D7296918-1DD6-4BDD-9DE2-64A83CC13884): 3
LogDevObjectVersion:   Dev-LoadTimes (C2A15278-BFE7-4AFE-6C17-90FF531DF755): 1
LogDevObjectVersion:   Private-Geometry (6EACA3D4-40EC-4CC1-B786-8BED09428FC5): 3
LogDevObjectVersion:   Dev-AnimPhys (29E575DD-E0A3-4627-9D10-D276232CDCEA): 17
LogDevObjectVersion:   Dev-Anim (AF43A65D-7FD3-4947-9873-3E8ED9C1BB05): 7
LogDevObjectVersion:   Dev-ReflectionCapture (6B266CEC-1EC7-4B8F-A30B-E4D90942FC07): 1
LogDevObjectVersion:   Dev-Automation (0DF73D61-A23F-47EA-B727-89E90C41499A): 1
LogDevObjectVersion:   FortniteMain (601D1886-AC64-4F84-AA16-D3DE0DEAC7D6): 31
LogDevObjectVersion:   Dev-Enterprise (9DFFBCD6-494F-0158-E221-12823C92A888): 10
LogDevObjectVersion:   Dev-Niagara (F2AED0AC-9AFE-416F-8664-AA7FFA26D6FC): 1
LogDevObjectVersion:   Dev-Destruction (174F1F0B-B4C6-45A5-B13F-2EE8D0FB917D): 10
LogDevObjectVersion:   Dev-Physics-Ext (35F94A83-E258-406C-A318-09F59610247C): 37
LogDevObjectVersion:   Dev-PhysicsMaterial-Chaos (B68FC16E-8B1B-42E2-B453-215C058844FE): 1
LogDevObjectVersion:   Dev-CineCamera (B2E18506-4273-CFC2-A54E-F4BB758BBA07): 1
LogInit: Presizing for max 25165824 objects, including 0 objects not considered by GC, pre-allocating 0 bytes for permanent pool.
LogConfig: Applying CVar settings from Section [/Script/Engine.StreamingSettings] File [C:/Users/I3 3220/Documents/Unreal Projects/SabadoClase2/Saved/Config/Windows/Engine.ini]
LogConfig: Setting CVar [[s.MinBulkDataSizeForAsyncLoading:131072]]
LogConfig: Setting CVar [[s.AsyncLoadingThreadEnabled:0]]
LogConfig: Setting CVar [[s.EventDrivenLoaderEnabled:1]]
LogConfig: Setting CVar [[s.WarnIfTimeLimitExceeded:0]]
LogConfig: Setting CVar [[s.TimeLimitExceededMultiplier:1.5]]
LogConfig: Setting CVar [[s.TimeLimitExceededMinTime:0.005]]
LogConfig: Setting CVar [[s.UseBackgroundLevelStreaming:1]]
LogConfig: Setting CVar [[s.PriorityAsyncLoadingExtraTime:15.0]]
LogConfig: Setting CVar [[s.LevelStreamingActorsUpdateTimeLimit:5.0]]
LogConfig: Setting CVar [[s.PriorityLevelStreamingActorsUpdateExtraTime:5.0]]
LogConfig: Setting CVar [[s.LevelStreamingComponentsRegistrationGranularity:10]]
LogConfig: Setting CVar [[s.UnregisterComponentsTimeLimit:1.0]]
LogConfig: Setting CVar [[s.LevelStreamingComponentsUnregistrationGranularity:5]]
LogConfig: Setting CVar [[s.FlushStreamingOnExit:1]]
LogInit: Object subsystem initialized
LogConfig: Setting CVar [[con.DebugEarlyDefault:1]]
LogConfig: Setting CVar [[r.setres:1280x720]]
[2020.08.29-18.55.14:780][  0]LogConfig: Setting CVar [[r.VSync:0]]
[2020.08.29-18.55.14:780][  0]LogConfig: Setting CVar [[r.RHICmdBypass:0]]
[2020.08.29-18.55.14:780][  0]LogConfig: Applying CVar settings from Section [/Script/Engine.RendererSettings] File [C:/Users/I3 3220/Documents/Unreal Projects/SabadoClase2/Saved/Config/Windows/Engine.ini]
[2020.08.29-18.55.14:780][  0]LogConfig: Setting CVar [[r.GPUCrashDebugging:0]]
[2020.08.29-18.55.14:780][  0]LogConfig: Applying CVar settings from Section [/Script/Engine.RendererOverrideSettings] File [C:/Users/I3 3220/Documents/Unreal Projects/SabadoClase2/Saved/Config/Windows/Engine.ini]
[2020.08.29-18.55.14:780][  0]LogConfig: Applying CVar settings from Section [/Script/Engine.StreamingSettings] File [C:/Users/I3 3220/Documents/Unreal Projects/SabadoClase2/Saved/Config/Windows/Engine.ini]
[2020.08.29-18.55.14:780][  0]LogConfig: Setting CVar [[s.MinBulkDataSizeForAsyncLoading:131072]]
[2020.08.29-18.55.14:780][  0]LogConfig: Setting CVar [[s.AsyncLoadingThreadEnabled:0]]
[2020.08.29-18.55.14:780][  0]LogConfig: Setting CVar [[s.EventDrivenLoaderEnabled:1]]
[2020.08.29-18.55.14:780][  0]LogConfig: Setting CVar [[s.WarnIfTimeLimitExceeded:0]]
[2020.08.29-18.55.14:780][  0]LogConfig: Setting CVar [[s.TimeLimitExceededMultiplier:1.5]]
[2020.08.29-18.55.14:780][  0]LogConfig: Setting CVar [[s.TimeLimitExceededMinTime:0.005]]
[2020.08.29-18.55.14:780][  0]LogConfig: Setting CVar [[s.UseBackgroundLevelStreaming:1]]
[2020.08.29-18.55.14:780][  0]LogConfig: Setting CVar [[s.PriorityAsyncLoadingExtraTime:15.0]]
[2020.08.29-18.55.14:780][  0]LogConfig: Setting CVar [[s.LevelStreamingActorsUpdateTimeLimit:5.0]]
[2020.08.29-18.55.14:780][  0]LogConfig: Setting CVar [[s.PriorityLevelStreamingActorsUpdateExtraTime:5.0]]
[2020.08.29-18.55.14:780][  0]LogConfig: Setting CVar [[s.LevelStreamingComponentsRegistrationGranularity:10]]
[2020.08.29-18.55.14:780][  0]LogConfig: Setting CVar [[s.UnregisterComponentsTimeLimit:1.0]]
[2020.08.29-18.55.14:780][  0]LogConfig: Setting CVar [[s.LevelStreamingComponentsUnregistrationGranularity:5]]
[2020.08.29-18.55.14:780][  0]LogConfig: Setting CVar [[s.FlushStreamingOnExit:1]]
[2020.08.29-18.55.14:780][  0]LogConfig: Applying CVar settings from Section [/Script/Engine.GarbageCollectionSettings] File [C:/Users/I3 3220/Documents/Unreal Projects/SabadoClase2/Saved/Config/Windows/Engine.ini]
[2020.08.29-18.55.14:780][  0]LogConfig: Setting CVar [[gc.MaxObjectsNotConsideredByGC:1]]
[2020.08.29-18.55.14:780][  0]LogConfig: Setting CVar [[gc.SizeOfPermanentObjectPool:0]]
[2020.08.29-18.55.14:780][  0]LogConfig: Setting CVar [[gc.FlushStreamingOnGC:0]]
[2020.08.29-18.55.14:780][  0]LogConfig: Setting CVar [[gc.NumRetriesBeforeForcingGC:10]]
[2020.08.29-18.55.14:780][  0]LogConfig: Setting CVar [[gc.AllowParallelGC:1]]
[2020.08.29-18.55.14:780][  0]LogConfig: Setting CVar [[gc.TimeBetweenPurgingPendingKillObjects:61.1]]
[2020.08.29-18.55.14:780][  0]LogConfig: Setting CVar [[gc.MaxObjectsInEditor:25165824]]
[2020.08.29-18.55.14:780][  0]LogConfig: Setting CVar [[gc.IncrementalBeginDestroyEnabled:1]]
[2020.08.29-18.55.14:780][  0]LogConfig: Setting CVar [[gc.CreateGCClusters:1]]
[2020.08.29-18.55.14:780][  0]LogConfig: Setting CVar [[gc.MinGCClusterSize:5]]
[2020.08.29-18.55.14:780][  0]LogConfig: Setting CVar [[gc.ActorClusteringEnabled:0]]
[2020.08.29-18.55.14:780][  0]LogConfig: Setting CVar [[gc.BlueprintClusteringEnabled:0]]
[2020.08.29-18.55.14:780][  0]LogConfig: Setting CVar [[gc.UseDisregardForGCOnDedicatedServers:0]]
[2020.08.29-18.55.14:780][  0]LogConfig: Applying CVar settings from Section [/Script/Engine.NetworkSettings] File [C:/Users/I3 3220/Documents/Unreal Projects/SabadoClase2/Saved/Config/Windows/Engine.ini]
[2020.08.29-18.55.14:780][  0]LogConfig: Applying CVar settings from Section [/Script/UnrealEd.CookerSettings] File [C:/Users/I3 3220/Documents/Unreal Projects/SabadoClase2/Saved/Config/Windows/Engine.ini]
[2020.08.29-18.55.14:786][  0]LogConfig: Applying CVar settings from Section [ViewDistanceQuality@3] File [C:/Users/I3 3220/Documents/Unreal Projects/SabadoClase2/Saved/Config/Windows/Scalability.ini]
[2020.08.29-18.55.14:786][  0]LogConfig: Setting CVar [[r.SkeletalMeshLODBias:0]]
[2020.08.29-18.55.14:786][  0]LogConfig: Setting CVar [[r.ViewDistanceScale:1.0]]
[2020.08.29-18.55.14:786][  0]LogConfig: Applying CVar settings from Section [AntiAliasingQuality@3] File [C:/Users/I3 3220/Documents/Unreal Projects/SabadoClase2/Saved/Config/Windows/Scalability.ini]
[2020.08.29-18.55.14:786][  0]LogConfig: Setting CVar [[r.PostProcessAAQuality:4]]
[2020.08.29-18.55.14:786][  0]LogConfig: Applying CVar settings from Section [ShadowQuality@3] File [C:/Users/I3 3220/Documents/Unreal Projects/SabadoClase2/Saved/Config/Windows/Scalability.ini]
[2020.08.29-18.55.14:786][  0]LogConfig: Setting CVar [[r.LightFunctionQuality:1]]
[2020.08.29-18.55.14:786][  0]LogConfig: Setting CVar [[r.ShadowQuality:5]]
[2020.08.29-18.55.14:786][  0]LogConfig: Setting CVar [[r.Shadow.CSM.MaxCascades:10]]
[2020.08.29-18.55.14:786][  0]LogConfig: Setting CVar [[r.Shadow.MaxResolution:2048]]
[2020.08.29-18.55.14:786][  0]LogConfig: Setting CVar [[r.Shadow.MaxCSMResolution:2048]]
[2020.08.29-18.55.14:786][  0]LogConfig: Setting CVar [[r.Shadow.RadiusThreshold:0.01]]
[2020.08.29-18.55.14:786][  0]LogConfig: Setting CVar [[r.Shadow.DistanceScale:1.0]]
[2020.08.29-18.55.14:786][  0]LogConfig: Setting CVar [[r.Shadow.CSM.TransitionScale:1.0]]
[2020.08.29-18.55.14:786][  0]LogConfig: Setting CVar [[r.Shadow.PreShadowResolutionFactor:1.0]]
[2020.08.29-18.55.14:786][  0]LogConfig: Setting CVar [[r.DistanceFieldShadowing:1]]
[2020.08.29-18.55.14:786][  0]LogConfig: Setting CVar [[r.DistanceFieldAO:1]]
[2020.08.29-18.55.14:786][  0]LogConfig: Setting CVar [[r.AOQuality:2]]
[2020.08.29-18.55.14:786][  0]LogConfig: Setting CVar [[r.VolumetricFog:1]]
[2020.08.29-18.55.14:786][  0]LogConfig: Setting CVar [[r.VolumetricFog.GridPixelSize:8]]
[2020.08.29-18.55.14:786][  0]LogConfig: Setting CVar [[r.VolumetricFog.GridSizeZ:128]]
[2020.08.29-18.55.14:786][  0]LogConfig: Setting CVar [[r.VolumetricFog.HistoryMissSupersampleCount:4]]
[2020.08.29-18.55.14:786][  0]LogConfig: Setting CVar [[r.LightMaxDrawDistanceScale:1]]
[2020.08.29-18.55.14:786][  0]LogConfig: Setting CVar [[r.CapsuleShadows:1]]
[2020.08.29-18.55.14:787][  0]LogConfig: Applying CVar settings from Section [PostProcessQuality@3] File [C:/Users/I3 3220/Documents/Unreal Projects/SabadoClase2/Saved/Config/Windows/Scalability.ini]
[2020.08.29-18.55.14:787][  0]LogConfig: Setting CVar [[r.MotionBlurQuality:4]]
[2020.08.29-18.55.14:787][  0]LogConfig: Setting CVar [[r.AmbientOcclusionMipLevelFactor:0.4]]
[2020.08.29-18.55.14:787][  0]LogConfig: Setting CVar [[r.AmbientOcclusionMaxQuality:100]]
[2020.08.29-18.55.14:787][  0]LogConfig: Setting CVar [[r.AmbientOcclusionLevels:-1]]
[2020.08.29-18.55.14:787][  0]LogConfig: Setting CVar [[r.AmbientOcclusionRadiusScale:1.0]]
[2020.08.29-18.55.14:787][  0]LogConfig: Setting CVar [[r.DepthOfFieldQuality:2]]
[2020.08.29-18.55.14:787][  0]LogConfig: Setting CVar [[r.RenderTargetPoolMin:400]]
[2020.08.29-18.55.14:787][  0]LogConfig: Setting CVar [[r.LensFlareQuality:2]]
[2020.08.29-18.55.14:787][  0]LogConfig: Setting CVar [[r.SceneColorFringeQuality:1]]
[2020.08.29-18.55.14:787][  0]LogConfig: Setting CVar [[r.EyeAdaptationQuality:2]]
[2020.08.29-18.55.14:787][  0]LogConfig: Setting CVar [[r.BloomQuality:5]]
[2020.08.29-18.55.14:787][  0]LogConfig: Setting CVar [[r.FastBlurThreshold:100]]
[2020.08.29-18.55.14:787][  0]LogConfig: Setting CVar [[r.Upscale.Quality:3]]
[2020.08.29-18.55.14:787][  0]LogConfig: Setting CVar [[r.Tonemapper.GrainQuantization:1]]
[2020.08.29-18.55.14:787][  0]LogConfig: Setting CVar [[r.LightShaftQuality:1]]
[2020.08.29-18.55.14:787][  0]LogConfig: Setting CVar [[r.Filter.SizeScale:1]]
[2020.08.29-18.55.14:787][  0]LogConfig: Setting CVar [[r.Tonemapper.Quality:5]]
[2020.08.29-18.55.14:787][  0]LogConfig: Setting CVar [[r.DOF.Gather.AccumulatorQuality:1        ; higher gathering accumulator quality]]
[2020.08.29-18.55.14:787][  0]LogConfig: Setting CVar [[r.DOF.Gather.PostfilterMethod:1          ; Median3x3 postfilering method]]
[2020.08.29-18.55.14:787][  0]LogConfig: Setting CVar [[r.DOF.Gather.EnableBokehSettings:0       ; no bokeh simulation when gathering]]
[2020.08.29-18.55.14:787][  0]LogConfig: Setting CVar [[r.DOF.Gather.RingCount:4                 ; medium number of samples when gathering]]
[2020.08.29-18.55.14:787][  0]LogConfig: Setting CVar [[r.DOF.Scatter.ForegroundCompositing:1    ; additive foreground scattering]]
[2020.08.29-18.55.14:787][  0]LogConfig: Setting CVar [[r.DOF.Scatter.BackgroundCompositing:2    ; additive background scattering]]
[2020.08.29-18.55.14:787][  0]LogConfig: Setting CVar [[r.DOF.Scatter.EnableBokehSettings:1      ; bokeh simulation when scattering]]
[2020.08.29-18.55.14:787][  0]LogConfig: Setting CVar [[r.DOF.Scatter.MaxSpriteRatio:0.1         ; only a maximum of 10% of scattered bokeh]]
[2020.08.29-18.55.14:787][  0]LogConfig: Setting CVar [[r.DOF.Recombine.Quality:1                ; cheap slight out of focus]]
[2020.08.29-18.55.14:788][  0]LogConfig: Setting CVar [[r.DOF.Recombine.EnableBokehSettings:0    ; no bokeh simulation on slight out of focus]]
[2020.08.29-18.55.14:788][  0]LogConfig: Setting CVar [[r.DOF.TemporalAAQuality:1                ; more stable temporal accumulation]]
[2020.08.29-18.55.14:788][  0]LogConfig: Setting CVar [[r.DOF.Kernel.MaxForegroundRadius:0.025]]
[2020.08.29-18.55.14:788][  0]LogConfig: Setting CVar [[r.DOF.Kernel.MaxBackgroundRadius:0.025]]
[2020.08.29-18.55.14:788][  0]LogConfig: Applying CVar settings from Section [TextureQuality@3] File [C:/Users/I3 3220/Documents/Unreal Projects/SabadoClase2/Saved/Config/Windows/Scalability.ini]
[2020.08.29-18.55.14:788][  0]LogConfig: Setting CVar [[r.Streaming.MipBias:0]]
[2020.08.29-18.55.14:788][  0]LogConfig: Setting CVar [[r.Streaming.AmortizeCPUToGPUCopy:0]]
[2020.08.29-18.55.14:788][  0]LogConfig: Setting CVar [[r.Streaming.MaxNumTexturesToStreamPerFrame:0]]
[2020.08.29-18.55.14:788][  0]LogConfig: Setting CVar [[r.Streaming.Boost:1]]
[2020.08.29-18.55.14:788][  0]LogConfig: Setting CVar [[r.MaxAnisotropy:8]]
[2020.08.29-18.55.14:788][  0]LogConfig: Setting CVar [[r.VT.MaxAnisotropy:8]]
[2020.08.29-18.55.14:788][  0]LogConfig: Setting CVar [[r.Streaming.LimitPoolSizeToVRAM:0]]
[2020.08.29-18.55.14:788][  0]LogConfig: Setting CVar [[r.Streaming.PoolSize:1000]]
[2020.08.29-18.55.14:788][  0]LogConfig: Setting CVar [[r.Streaming.MaxEffectiveScreenSize:0]]
[2020.08.29-18.55.14:788][  0]LogConfig: Applying CVar settings from Section [EffectsQuality@3] File [C:/Users/I3 3220/Documents/Unreal Projects/SabadoClase2/Saved/Config/Windows/Scalability.ini]
[2020.08.29-18.55.14:788][  0]LogConfig: Setting CVar [[r.TranslucencyLightingVolumeDim:64]]
[2020.08.29-18.55.14:788][  0]LogConfig: Setting CVar [[r.RefractionQuality:2]]
[2020.08.29-18.55.14:788][  0]LogConfig: Setting CVar [[r.SSR.Quality:3]]
[2020.08.29-18.55.14:788][  0]LogConfig: Setting CVar [[r.SSR.HalfResSceneColor:0]]
[2020.08.29-18.55.14:788][  0]LogConfig: Setting CVar [[r.SceneColorFormat:4]]
[2020.08.29-18.55.14:788][  0]LogConfig: Setting CVar [[r.DetailMode:2]]
[2020.08.29-18.55.14:788][  0]LogConfig: Setting CVar [[r.TranslucencyVolumeBlur:1]]
[2020.08.29-18.55.14:788][  0]LogConfig: Setting CVar [[r.MaterialQualityLevel:1 ; High quality]]
[2020.08.29-18.55.14:788][  0]LogConfig: Setting CVar [[r.SSS.Scale:1]]
[2020.08.29-18.55.14:788][  0]LogConfig: Setting CVar [[r.SSS.SampleSet:2]]
[2020.08.29-18.55.14:789][  0]LogConfig: Setting CVar [[r.SSS.Quality:1]]
[2020.08.29-18.55.14:789][  0]LogConfig: Setting CVar [[r.SSS.HalfRes:0]]
[2020.08.29-18.55.14:789][  0]LogConfig: Setting CVar [[r.SSGI.Quality:3]]
[2020.08.29-18.55.14:789][  0]LogConfig: Setting CVar [[r.EmitterSpawnRateScale:1.0]]
[2020.08.29-18.55.14:789][  0]LogConfig: Setting CVar [[r.ParticleLightQuality:2]]
[2020.08.29-18.55.14:789][  0]LogConfig: Setting CVar [[r.SkyAtmosphere.AerialPerspectiveLUT.FastApplyOnOpaque:1 ; Always have FastSkyLUT 1 in this case to avoid wrong sky]]
[2020.08.29-18.55.14:789][  0]LogConfig: Setting CVar [[r.SkyAtmosphere.AerialPerspectiveLUT.SampleCountPerSlice:1]]
[2020.08.29-18.55.14:789][  0]LogConfig: Setting CVar [[r.SkyAtmosphere.AerialPerspectiveLUT.DepthResolution:16.0]]
[2020.08.29-18.55.14:789][  0]LogConfig: Setting CVar [[r.SkyAtmosphere.FastSkyLUT:1]]
[2020.08.29-18.55.14:789][  0]LogConfig: Setting CVar [[r.SkyAtmosphere.FastSkyLUT.SampleCountMin:4.0]]
[2020.08.29-18.55.14:789][  0]LogConfig: Setting CVar [[r.SkyAtmosphere.FastSkyLUT.SampleCountMax:32.0]]
[2020.08.29-18.55.14:789][  0]LogConfig: Setting CVar [[r.SkyAtmosphere.SampleCountMin:4.0]]
[2020.08.29-18.55.14:789][  0]LogConfig: Setting CVar [[r.SkyAtmosphere.SampleCountMax:32.0]]
[2020.08.29-18.55.14:789][  0]LogConfig: Setting CVar [[r.SkyAtmosphere.TransmittanceLUT.UseSmallFormat:0]]
[2020.08.29-18.55.14:789][  0]LogConfig: Setting CVar [[r.SkyAtmosphere.TransmittanceLUT.SampleCount:10.0]]
[2020.08.29-18.55.14:789][  0]LogConfig: Setting CVar [[r.SkyAtmosphere.MultiScatteringLUT.SampleCount:15.0]]
[2020.08.29-18.55.14:789][  0]LogConfig: Applying CVar settings from Section [FoliageQuality@3] File [C:/Users/I3 3220/Documents/Unreal Projects/SabadoClase2/Saved/Config/Windows/Scalability.ini]
[2020.08.29-18.55.14:789][  0]LogConfig: Setting CVar [[foliage.DensityScale:1.0]]
[2020.08.29-18.55.14:789][  0]LogConfig: Setting CVar [[grass.DensityScale:1.0]]
[2020.08.29-18.55.14:789][  0]LogConfig: Applying CVar settings from Section [ShadingQuality@3] File [C:/Users/I3 3220/Documents/Unreal Projects/SabadoClase2/Saved/Config/Windows/Scalability.ini]
[2020.08.29-18.55.14:789][  0]LogConfig: Setting CVar [[r.HairStrands.SkyLighting.SampleCount:16]]
[2020.08.29-18.55.14:789][  0]LogConfig: Setting CVar [[r.HairStrands.SkyLighting.JitterIntegration:0]]
[2020.08.29-18.55.14:789][  0]LogConfig: Setting CVar [[r.HairStrands.SkyAO.SampleCount:16]]
[2020.08.29-18.55.14:789][  0]LogConfig: Setting CVar [[r.HairStrands.DeepShadow.SuperSampling:0]]
[2020.08.29-18.55.14:789][  0]LogConfig: Setting CVar [[r.HairStrands.VisibilityPPLL:0]]
[2020.08.29-18.55.14:789][  0]LogConfig: Setting CVar [[r.HairStrands.RasterizationScale:0.5]]
[2020.08.29-18.55.14:789][  0]LogConfig: Setting CVar [[r.HairStrands.VelocityRasterizationScale:1]]
[2020.08.29-18.55.14:789][  0]LogInit: Selected Device Profile: [Windows]
[2020.08.29-18.55.14:789][  0]LogInit: Applying CVar settings loaded from the selected device profile: [Windows]
[2020.08.29-18.55.14:789][  0]LogHAL: Display: Platform has ~ 8 GB [8559095808 / 8589934592 / 8], which maps to Default [LargestMinGB=32, LargerMinGB=12, DefaultMinGB=8, SmallerMinGB=6, SmallestMinGB=0)
[2020.08.29-18.55.14:789][  0]LogInit: Going up to parent DeviceProfile []
[2020.08.29-18.55.14:789][  0]LogConfig: Applying CVar settings from Section [ViewDistanceQuality@3] File [C:/Users/I3 3220/Documents/Unreal Projects/SabadoClase2/Saved/Config/Windows/Scalability.ini]
[2020.08.29-18.55.14:789][  0]LogConfig: Setting CVar [[r.SkeletalMeshLODBias:0]]
[2020.08.29-18.55.14:789][  0]LogConfig: Setting CVar [[r.ViewDistanceScale:1.0]]
[2020.08.29-18.55.14:789][  0]LogConfig: Applying CVar settings from Section [AntiAliasingQuality@3] File [C:/Users/I3 3220/Documents/Unreal Projects/SabadoClase2/Saved/Config/Windows/Scalability.ini]
[2020.08.29-18.55.14:789][  0]LogConfig: Setting CVar [[r.PostProcessAAQuality:4]]
[2020.08.29-18.55.14:789][  0]LogConfig: Applying CVar settings from Section [ShadowQuality@3] File [C:/Users/I3 3220/Documents/Unreal Projects/SabadoClase2/Saved/Config/Windows/Scalability.ini]
[2020.08.29-18.55.14:789][  0]LogConfig: Setting CVar [[r.LightFunctionQuality:1]]
[2020.08.29-18.55.14:790][  0]LogConfig: Setting CVar [[r.ShadowQuality:5]]
[2020.08.29-18.55.14:790][  0]LogConfig: Setting CVar [[r.Shadow.CSM.MaxCascades:10]]
[2020.08.29-18.55.14:790][  0]LogConfig: Setting CVar [[r.Shadow.MaxResolution:2048]]
[2020.08.29-18.55.14:790][  0]LogConfig: Setting CVar [[r.Shadow.MaxCSMResolution:2048]]
[2020.08.29-18.55.14:790][  0]LogConfig: Setting CVar [[r.Shadow.RadiusThreshold:0.01]]
[2020.08.29-18.55.14:790][  0]LogConfig: Setting CVar [[r.Shadow.DistanceScale:1.0]]
[2020.08.29-18.55.14:790][  0]LogConfig: Setting CVar [[r.Shadow.CSM.TransitionScale:1.0]]
[2020.08.29-18.55.14:790][  0]LogConfig: Setting CVar [[r.Shadow.PreShadowResolutionFactor:1.0]]
[2020.08.29-18.55.14:790][  0]LogConfig: Setting CVar [[r.DistanceFieldShadowing:1]]
[2020.08.29-18.55.14:790][  0]LogConfig: Setting CVar [[r.DistanceFieldAO:1]]
[2020.08.29-18.55.14:790][  0]LogConfig: Setting CVar [[r.AOQuality:2]]
[2020.08.29-18.55.14:790][  0]LogConfig: Setting CVar [[r.VolumetricFog:1]]
[2020.08.29-18.55.14:790][  0]LogConfig: Setting CVar [[r.VolumetricFog.GridPixelSize:8]]
[2020.08.29-18.55.14:790][  0]LogConfig: Setting CVar [[r.VolumetricFog.GridSizeZ:128]]
[2020.08.29-18.55.14:790][  0]LogConfig: Setting CVar [[r.VolumetricFog.HistoryMissSupersampleCount:4]]
[2020.08.29-18.55.14:790][  0]LogConfig: Setting CVar [[r.LightMaxDrawDistanceScale:1]]
[2020.08.29-18.55.14:790][  0]LogConfig: Setting CVar [[r.CapsuleShadows:1]]
[2020.08.29-18.55.14:790][  0]LogConfig: Applying CVar settings from Section [PostProcessQuality@3] File [C:/Users/I3 3220/Documents/Unreal Projects/SabadoClase2/Saved/Config/Windows/Scalability.ini]
[2020.08.29-18.55.14:790][  0]LogConfig: Setting CVar [[r.MotionBlurQuality:4]]
[2020.08.29-18.55.14:790][  0]LogConfig: Setting CVar [[r.AmbientOcclusionMipLevelFactor:0.4]]
[2020.08.29-18.55.14:790][  0]LogConfig: Setting CVar [[r.AmbientOcclusionMaxQuality:100]]
[2020.08.29-18.55.14:790][  0]LogConfig: Setting CVar [[r.AmbientOcclusionLevels:-1]]
[2020.08.29-18.55.14:790][  0]LogConfig: Setting CVar [[r.AmbientOcclusionRadiusScale:1.0]]
[2020.08.29-18.55.14:790][  0]LogConfig: Setting CVar [[r.DepthOfFieldQuality:2]]
[2020.08.29-18.55.14:790][  0]LogConfig: Setting CVar [[r.RenderTargetPoolMin:400]]
[2020.08.29-18.55.14:790][  0]LogConfig: Setting CVar [[r.LensFlareQuality:2]]
[2020.08.29-18.55.14:790][  0]LogConfig: Setting CVar [[r.SceneColorFringeQuality:1]]
[2020.08.29-18.55.14:790][  0]LogConfig: Setting CVar [[r.EyeAdaptationQuality:2]]
[2020.08.29-18.55.14:790][  0]LogConfig: Setting CVar [[r.BloomQuality:5]]
[2020.08.29-18.55.14:790][  0]LogConfig: Setting CVar [[r.FastBlurThreshold:100]]
[2020.08.29-18.55.14:790][  0]LogConfig: Setting CVar [[r.Upscale.Quality:3]]
[2020.08.29-18.55.14:790][  0]LogConfig: Setting CVar [[r.Tonemapper.GrainQuantization:1]]
[2020.08.29-18.55.14:790][  0]LogConfig: Setting CVar [[r.LightShaftQuality:1]]
[2020.08.29-18.55.14:790][  0]LogConfig: Setting CVar [[r.Filter.SizeScale:1]]
[2020.08.29-18.55.14:790][  0]LogConfig: Setting CVar [[r.Tonemapper.Quality:5]]
[2020.08.29-18.55.14:790][  0]LogConfig: Setting CVar [[r.DOF.Gather.AccumulatorQuality:1        ; higher gathering accumulator quality]]
[2020.08.29-18.55.14:790][  0]LogConfig: Setting CVar [[r.DOF.Gather.PostfilterMethod:1          ; Median3x3 postfilering method]]
[2020.08.29-18.55.14:790][  0]LogConfig: Setting CVar [[r.DOF.Gather.EnableBokehSettings:0       ; no bokeh simulation when gathering]]
[2020.08.29-18.55.14:790][  0]LogConfig: Setting CVar [[r.DOF.Gather.RingCount:4                 ; medium number of samples when gathering]]
[2020.08.29-18.55.14:790][  0]LogConfig: Setting CVar [[r.DOF.Scatter.ForegroundCompositing:1    ; additive foreground scattering]]
[2020.08.29-18.55.14:791][  0]LogConfig: Setting CVar [[r.DOF.Scatter.BackgroundCompositing:2    ; additive background scattering]]
[2020.08.29-18.55.14:791][  0]LogConfig: Setting CVar [[r.DOF.Scatter.EnableBokehSettings:1      ; bokeh simulation when scattering]]
[2020.08.29-18.55.14:791][  0]LogConfig: Setting CVar [[r.DOF.Scatter.MaxSpriteRatio:0.1         ; only a maximum of 10% of scattered bokeh]]
[2020.08.29-18.55.14:791][  0]LogConfig: Setting CVar [[r.DOF.Recombine.Quality:1                ; cheap slight out of focus]]
[2020.08.29-18.55.14:791][  0]LogConfig: Setting CVar [[r.DOF.Recombine.EnableBokehSettings:0    ; no bokeh simulation on slight out of focus]]
[2020.08.29-18.55.14:791][  0]LogConfig: Setting CVar [[r.DOF.TemporalAAQuality:1                ; more stable temporal accumulation]]
[2020.08.29-18.55.14:791][  0]LogConfig: Setting CVar [[r.DOF.Kernel.MaxForegroundRadius:0.025]]
[2020.08.29-18.55.14:791][  0]LogConfig: Setting CVar [[r.DOF.Kernel.MaxBackgroundRadius:0.025]]
[2020.08.29-18.55.14:791][  0]LogConfig: Applying CVar settings from Section [TextureQuality@3] File [C:/Users/I3 3220/Documents/Unreal Projects/SabadoClase2/Saved/Config/Windows/Scalability.ini]
[2020.08.29-18.55.14:791][  0]LogConfig: Setting CVar [[r.Streaming.MipBias:0]]
[2020.08.29-18.55.14:791][  0]LogConfig: Setting CVar [[r.Streaming.AmortizeCPUToGPUCopy:0]]
[2020.08.29-18.55.14:791][  0]LogConfig: Setting CVar [[r.Streaming.MaxNumTexturesToStreamPerFrame:0]]
[2020.08.29-18.55.14:791][  0]LogConfig: Setting CVar [[r.Streaming.Boost:1]]
[2020.08.29-18.55.14:791][  0]LogConfig: Setting CVar [[r.MaxAnisotropy:8]]
[2020.08.29-18.55.14:791][  0]LogConfig: Setting CVar [[r.VT.MaxAnisotropy:8]]
[2020.08.29-18.55.14:791][  0]LogConfig: Setting CVar [[r.Streaming.LimitPoolSizeToVRAM:0]]
[2020.08.29-18.55.14:791][  0]LogConfig: Setting CVar [[r.Streaming.PoolSize:1000]]
[2020.08.29-18.55.14:791][  0]LogConfig: Setting CVar [[r.Streaming.MaxEffectiveScreenSize:0]]
[2020.08.29-18.55.14:791][  0]LogConfig: Applying CVar settings from Section [EffectsQuality@3] File [C:/Users/I3 3220/Documents/Unreal Projects/SabadoClase2/Saved/Config/Windows/Scalability.ini]
[2020.08.29-18.55.14:791][  0]LogConfig: Setting CVar [[r.TranslucencyLightingVolumeDim:64]]
[2020.08.29-18.55.14:791][  0]LogConfig: Setting CVar [[r.RefractionQuality:2]]
[2020.08.29-18.55.14:791][  0]LogConfig: Setting CVar [[r.SSR.Quality:3]]
[2020.08.29-18.55.14:791][  0]LogConfig: Setting CVar [[r.SSR.HalfResSceneColor:0]]
[2020.08.29-18.55.14:791][  0]LogConfig: Setting CVar [[r.SceneColorFormat:4]]
[2020.08.29-18.55.14:791][  0]LogConfig: Setting CVar [[r.DetailMode:2]]
[2020.08.29-18.55.14:791][  0]LogConfig: Setting CVar [[r.TranslucencyVolumeBlur:1]]
[2020.08.29-18.55.14:791][  0]LogConfig: Setting CVar [[r.MaterialQualityLevel:1 ; High quality]]
[2020.08.29-18.55.14:791][  0]LogConfig: Setting CVar [[r.SSS.Scale:1]]
[2020.08.29-18.55.14:791][  0]LogConfig: Setting CVar [[r.SSS.SampleSet:2]]
[2020.08.29-18.55.14:791][  0]LogConfig: Setting CVar [[r.SSS.Quality:1]]
[2020.08.29-18.55.14:791][  0]LogConfig: Setting CVar [[r.SSS.HalfRes:0]]
[2020.08.29-18.55.14:791][  0]LogConfig: Setting CVar [[r.SSGI.Quality:3]]
[2020.08.29-18.55.14:791][  0]LogConfig: Setting CVar [[r.EmitterSpawnRateScale:1.0]]
[2020.08.29-18.55.14:791][  0]LogConfig: Setting CVar [[r.ParticleLightQuality:2]]
[2020.08.29-18.55.14:791][  0]LogConfig: Setting CVar [[r.SkyAtmosphere.AerialPerspectiveLUT.FastApplyOnOpaque:1 ; Always have FastSkyLUT 1 in this case to avoid wrong sky]]
[2020.08.29-18.55.14:791][  0]LogConfig: Setting CVar [[r.SkyAtmosphere.AerialPerspectiveLUT.SampleCountPerSlice:1]]
[2020.08.29-18.55.14:791][  0]LogConfig: Setting CVar [[r.SkyAtmosphere.AerialPerspectiveLUT.DepthResolution:16.0]]
[2020.08.29-18.55.14:791][  0]LogConfig: Setting CVar [[r.SkyAtmosphere.FastSkyLUT:1]]
[2020.08.29-18.55.14:791][  0]LogConfig: Setting CVar [[r.SkyAtmosphere.FastSkyLUT.SampleCountMin:4.0]]
[2020.08.29-18.55.14:791][  0]LogConfig: Setting CVar [[r.SkyAtmosphere.FastSkyLUT.SampleCountMax:32.0]]
[2020.08.29-18.55.14:791][  0]LogConfig: Setting CVar [[r.SkyAtmosphere.SampleCountMin:4.0]]
[2020.08.29-18.55.14:791][  0]LogConfig: Setting CVar [[r.SkyAtmosphere.SampleCountMax:32.0]]
[2020.08.29-18.55.14:791][  0]LogConfig: Setting CVar [[r.SkyAtmosphere.TransmittanceLUT.UseSmallFormat:0]]
[2020.08.29-18.55.14:791][  0]LogConfig: Setting CVar [[r.SkyAtmosphere.TransmittanceLUT.SampleCount:10.0]]
[2020.08.29-18.55.14:791][  0]LogConfig: Setting CVar [[r.SkyAtmosphere.MultiScatteringLUT.SampleCount:15.0]]
[2020.08.29-18.55.14:791][  0]LogConfig: Applying CVar settings from Section [FoliageQuality@3] File [C:/Users/I3 3220/Documents/Unreal Projects/SabadoClase2/Saved/Config/Windows/Scalability.ini]
[2020.08.29-18.55.14:791][  0]LogConfig: Setting CVar [[foliage.DensityScale:1.0]]
[2020.08.29-18.55.14:791][  0]LogConfig: Setting CVar [[grass.DensityScale:1.0]]
[2020.08.29-18.55.14:791][  0]LogConfig: Applying CVar settings from Section [ShadingQuality@3] File [C:/Users/I3 3220/Documents/Unreal Projects/SabadoClase2/Saved/Config/Windows/Scalability.ini]
[2020.08.29-18.55.14:791][  0]LogConfig: Setting CVar [[r.HairStrands.SkyLighting.SampleCount:16]]
[2020.08.29-18.55.14:791][  0]LogConfig: Setting CVar [[r.HairStrands.SkyLighting.JitterIntegration:0]]
[2020.08.29-18.55.14:791][  0]LogConfig: Setting CVar [[r.HairStrands.SkyAO.SampleCount:16]]
[2020.08.29-18.55.14:791][  0]LogConfig: Setting CVar [[r.HairStrands.DeepShadow.SuperSampling:0]]
[2020.08.29-18.55.14:792][  0]LogConfig: Setting CVar [[r.HairStrands.VisibilityPPLL:0]]
[2020.08.29-18.55.14:792][  0]LogConfig: Setting CVar [[r.HairStrands.RasterizationScale:0.5]]
[2020.08.29-18.55.14:792][  0]LogConfig: Setting CVar [[r.HairStrands.VelocityRasterizationScale:1]]
[2020.08.29-18.55.14:792][  0]LogConfig: Applying CVar settings from Section [Startup] File [../../../Engine/Config/ConsoleVariables.ini]
[2020.08.29-18.55.14:792][  0]LogConfig: Setting CVar [[net.UseAdaptiveNetUpdateFrequency:0]]
[2020.08.29-18.55.14:792][  0]LogConfig: Setting CVar [[p.chaos.AllowCreatePhysxBodies:1]]
[2020.08.29-18.55.14:792][  0]LogConfig: Setting CVar [[fx.SkipVectorVMBackendOptimizations:1]]
[2020.08.29-18.55.14:792][  0]LogConfig: Applying CVar settings from Section [ConsoleVariables] File [C:/Users/I3 3220/Documents/Unreal Projects/SabadoClase2/Saved/Config/Windows/Engine.ini]
[2020.08.29-18.55.14:792][  0]LogInit: Computer: I3-3220-PC
[2020.08.29-18.55.14:792][  0]LogInit: User: I33220
[2020.08.29-18.55.14:792][  0]LogInit: CPU Page size=4096, Cores=2
[2020.08.29-18.55.14:792][  0]LogInit: High frequency timer resolution =10.000000 MHz
[2020.08.29-18.55.14:792][  0]LogMemory: Memory total: Physical=8.0GB (8GB approx)
[2020.08.29-18.55.14:793][  0]LogMemory: Platform Memory Stats for Windows
[2020.08.29-18.55.14:793][  0]LogMemory: Process Physical Memory: 113.24 MB used, 113.25 MB peak
[2020.08.29-18.55.14:793][  0]LogMemory: Process Virtual Memory: 94.97 MB used, 94.97 MB peak
[2020.08.29-18.55.14:793][  0]LogMemory: Physical Memory: 4680.73 MB used,  3481.86 MB free, 8162.59 MB total
[2020.08.29-18.55.14:793][  0]LogMemory: Virtual Memory: 5122.73 MB used,  134212608.00 MB free, 134217728.00 MB total
[2020.08.29-18.55.14:804][  0]LogWindows: WindowsPlatformFeatures enabled
[2020.08.29-18.55.14:855][  0]LogInit: Physics initialised using underlying interface: PhysX
[2020.08.29-18.55.14:856][  0]LogInit: Using OS detected language (es-MX).
[2020.08.29-18.55.14:856][  0]LogInit: Using OS detected locale (es-PE).
[2020.08.29-18.55.14:860][  0]LogTextLocalizationResource: LocRes '../../../Engine/Content/Localization/Editor/es-MX/Editor.locres' could not be opened for reading!
[2020.08.29-18.55.14:860][  0]LogTextLocalizationResource: LocRes '../../../Engine/Content/Localization/EditorTutorials/es-MX/EditorTutorials.locres' could not be opened for reading!
[2020.08.29-18.55.14:860][  0]LogTextLocalizationResource: LocRes '../../../Engine/Content/Localization/Keywords/es-MX/Keywords.locres' could not be opened for reading!
[2020.08.29-18.55.14:860][  0]LogTextLocalizationResource: LocRes '../../../Engine/Content/Localization/Category/es-MX/Category.locres' could not be opened for reading!
[2020.08.29-18.55.14:861][  0]LogTextLocalizationResource: LocRes '../../../Engine/Content/Localization/ToolTips/es-MX/ToolTips.locres' could not be opened for reading!
[2020.08.29-18.55.14:861][  0]LogTextLocalizationResource: LocRes '../../../Engine/Content/Localization/PropertyNames/es-MX/PropertyNames.locres' could not be opened for reading!
[2020.08.29-18.55.14:861][  0]LogTextLocalizationResource: LocRes '../../../Engine/Content/Localization/Engine/es-MX/Engine.locres' could not be opened for reading!
[2020.08.29-18.55.14:861][  0]LogTextLocalizationResource: LocRes '../../../Engine/Plugins/Online/Android/OnlineSubsystemGooglePlay/Content/Localization/OnlineSubsystemGooglePlay/es-MX/OnlineSubsystemGooglePlay.locres' could not be opened for reading!
[2020.08.29-18.55.14:861][  0]LogTextLocalizationResource: LocRes '../../../Engine/Plugins/Online/IOS/OnlineSubsystemIOS/Content/Localization/OnlineSubsystemIOS/es-MX/OnlineSubsystemIOS.locres' could not be opened for reading!
[2020.08.29-18.55.14:862][  0]LogTextLocalizationResource: LocRes '../../../Engine/Plugins/Online/OnlineSubsystemUtils/Content/Localization/OnlineSubsystemUtils/es-MX/OnlineSubsystemUtils.locres' could not be opened for reading!
[2020.08.29-18.55.14:931][  0]LogInit: Setting process to per monitor DPI aware
[2020.08.29-18.55.14:993][  0]LogSlate: New Slate User Created.  User Index 0, Is Virtual User: 0
[2020.08.29-18.55.14:994][  0]LogSlate: Slate User Registered.  User Index 0, Is Virtual User: 0
[2020.08.29-18.55.15:310][  0]LogHMD: Failed to initialize OpenVR with code 110
[2020.08.29-18.55.15:310][  0]LogD3D11RHI: D3D11 min allowed feature level: 11_0
[2020.08.29-18.55.15:310][  0]LogD3D11RHI: D3D11 max allowed feature level: 11_0
[2020.08.29-18.55.15:310][  0]LogD3D11RHI: D3D11 adapters:
[2020.08.29-18.55.15:480][  0]LogD3D11RHI:    0. 'Radeon RX 570 Series' (Feature Level 11_0)
[2020.08.29-18.55.15:480][  0]LogD3D11RHI:       8171/0/4081 MB DedicatedVideo/DedicatedSystem/SharedSystem, Outputs:1, VendorId:0x1002
[2020.08.29-18.55.15:484][  0]LogD3D11RHI:    1. 'Microsoft Basic Render Driver' (Feature Level 11_0)
[2020.08.29-18.55.15:484][  0]LogD3D11RHI:       0/0/4081 MB DedicatedVideo/DedicatedSystem/SharedSystem, Outputs:0, VendorId:0x1414
[2020.08.29-18.55.15:484][  0]LogD3D11RHI: Chosen D3D11 Adapter: 0
[2020.08.29-18.55.15:491][  0]LogD3D11RHI: Creating new Direct3DDevice
[2020.08.29-18.55.15:491][  0]LogD3D11RHI:     GPU DeviceId: 0x67df (for the marketing name, search the web for "GPU Device Id")
[2020.08.29-18.55.15:491][  0]LogWindows: EnumDisplayDevices:
[2020.08.29-18.55.15:491][  0]LogWindows:    0. 'Radeon RX 570 Series' (P:1 D:1)
[2020.08.29-18.55.15:492][  0]LogWindows:    1. 'Radeon RX 570 Series' (P:0 D:0)
[2020.08.29-18.55.15:492][  0]LogWindows:    2. 'Radeon RX 570 Series' (P:0 D:0)
[2020.08.29-18.55.15:492][  0]LogWindows:    3. 'Radeon RX 570 Series' (P:0 D:0)
[2020.08.29-18.55.15:493][  0]LogWindows:    4. 'Radeon RX 570 Series' (P:0 D:0)
[2020.08.29-18.55.15:493][  0]LogWindows:    5. 'Radeon RX 570 Series' (P:0 D:0)
[2020.08.29-18.55.15:494][  0]LogWindows:    6. 'Radeon RX 570 Series' (P:0 D:0)
[2020.08.29-18.55.15:494][  0]LogWindows:    7. 'Radeon RX 570 Series' (P:0 D:0)
[2020.08.29-18.55.15:494][  0]LogWindows: DebugString: FoundDriverCount:8 
[2020.08.29-18.55.15:494][  0]LogD3D11RHI:     Adapter Name: Radeon RX 570 Series
[2020.08.29-18.55.15:494][  0]LogD3D11RHI:   Driver Version: Adrenalin 2020 20.4.2 (internal:26.20.15029.27016, unified:26.20.15029.27016)
[2020.08.29-18.55.15:495][  0]LogD3D11RHI:      Driver Date: 4-21-2020
[2020.08.29-18.55.15:495][  0]LogRHI: Texture pool is 4862 MB (70% of 6946 MB)
[2020.08.29-18.55.15:609][  0]LogD3D11RHI: RHI has support for 64 bit atomics
[2020.08.29-18.55.15:609][  0]LogD3D11RHI: Async texture creation enabled
[2020.08.29-18.55.15:609][  0]LogD3D11RHI: Array index from any shader is supported
[2020.08.29-18.55.15:627][  0]LogD3D11RHI: GPU Timing Frequency: 25.000000 (Debug: 2 1)
[2020.08.29-18.55.16:243][  0]LogTargetPlatformManager: Display: Loaded TargetPlatform 'AllDesktop'
[2020.08.29-18.55.16:279][  0]LogTargetPlatformManager: Display: Loaded TargetPlatform 'Android'
[2020.08.29-18.55.16:279][  0]LogTargetPlatformManager: Display: Loaded TargetPlatform 'Android_ASTC'
[2020.08.29-18.55.16:279][  0]LogTargetPlatformManager: Display: Loaded TargetPlatform 'Android_DXT'
[2020.08.29-18.55.16:279][  0]LogTargetPlatformManager: Display: Loaded TargetPlatform 'Android_ETC2'
[2020.08.29-18.55.16:279][  0]LogTargetPlatformManager: Display: Loaded TargetPlatform 'AndroidClient'
[2020.08.29-18.55.16:279][  0]LogTargetPlatformManager: Display: Loaded TargetPlatform 'Android_ASTCClient'
[2020.08.29-18.55.16:279][  0]LogTargetPlatformManager: Display: Loaded TargetPlatform 'Android_DXTClient'
[2020.08.29-18.55.16:279][  0]LogTargetPlatformManager: Display: Loaded TargetPlatform 'Android_ETC2Client'
[2020.08.29-18.55.16:279][  0]LogTargetPlatformManager: Display: Loaded TargetPlatform 'Android_Multi'
[2020.08.29-18.55.16:279][  0]LogTargetPlatformManager: Display: Loaded TargetPlatform 'Android_MultiClient'
[2020.08.29-18.55.16:317][  0]LogTargetPlatformManager: Display: Loaded TargetPlatform 'IOSClient'
[2020.08.29-18.55.16:317][  0]LogTargetPlatformManager: Display: Loaded TargetPlatform 'IOS'
[2020.08.29-18.55.16:335][  0]LogTargetPlatformManager: Display: Loaded TargetPlatform 'Linux'
[2020.08.29-18.55.16:355][  0]LogTargetPlatformManager: Display: Loaded TargetPlatform 'LinuxNoEditor'
[2020.08.29-18.55.16:374][  0]LogTargetPlatformManager: Display: Loaded TargetPlatform 'LinuxClient'
[2020.08.29-18.55.16:389][  0]LogTargetPlatformManager: Display: Loaded TargetPlatform 'LinuxServer'
[2020.08.29-18.55.16:404][  0]LogTargetPlatformManager: Display: Loaded TargetPlatform 'LinuxAArch64NoEditor'
[2020.08.29-18.55.16:419][  0]LogTargetPlatformManager: Display: Loaded TargetPlatform 'LinuxAArch64Client'
[2020.08.29-18.55.16:433][  0]LogTargetPlatformManager: Display: Loaded TargetPlatform 'LinuxAArch64Server'
[2020.08.29-18.55.16:472][  0]LogTargetPlatformManager: Display: Loaded TargetPlatform 'Lumin'
[2020.08.29-18.55.16:472][  0]LogTargetPlatformManager: Display: Loaded TargetPlatform 'LuminClient'
[2020.08.29-18.55.16:496][  0]LogTargetPlatformManager: Display: Loaded TargetPlatform 'TVOSClient'
[2020.08.29-18.55.16:496][  0]LogTargetPlatformManager: Display: Loaded TargetPlatform 'TVOS'
[2020.08.29-18.55.16:510][  0]LogTargetPlatformManager: Display: Loaded TargetPlatform 'WindowsNoEditor'
[2020.08.29-18.55.16:524][  0]LogTargetPlatformManager: Display: Loaded TargetPlatform 'Windows'
[2020.08.29-18.55.16:537][  0]LogTargetPlatformManager: Display: Loaded TargetPlatform 'WindowsClient'
[2020.08.29-18.55.16:551][  0]LogTargetPlatformManager: Display: Loaded TargetPlatform 'WindowsServer'
[2020.08.29-18.55.16:551][  0]LogTargetPlatformManager: Display: Building Assets For Windows
[2020.08.29-18.55.16:562][  0]LogAudioDebug: Display: Lib vorbis DLL was dynamically loaded.
[2020.08.29-18.55.16:650][  0]LogShaderCompilers: Guid format shader working directory is -22 characters bigger than the processId version (../../../../../../Users/I3 3220/Documents/Unreal Projects/SabadoClase2/Intermediate/Shaders/WorkingDirectory/2060/).
[2020.08.29-18.55.16:650][  0]LogShaderCompilers: Cleaned the shader compiler working directory 'C:/Users/I3 3220/AppData/Local/Temp/UnrealShaderWorkingDir/155165674B248DC79401FD92998FF942/'.
[2020.08.29-18.55.16:651][  0]LogXGEController: Cannot use XGE Controller as Incredibuild is not installed on this machine.
[2020.08.29-18.55.16:651][  0]LogShaderCompilers: Cannot use XGE Shader Compiler as Incredibuild is not installed on this machine.
[2020.08.29-18.55.16:651][  0]LogShaderCompilers: Display: Using Local Shader Compiler.
[2020.08.29-18.55.17:855][  0]LogDerivedDataCache: Display: Max Cache Size: 512 MB
[2020.08.29-18.55.17:934][  0]LogDerivedDataCache: Loaded boot cache 0.08s 75MB C:/Users/I3 3220/AppData/Local/UnrealEngine/4.25/DerivedDataCache/Boot.ddc.
[2020.08.29-18.55.17:934][  0]LogDerivedDataCache: Display: Loaded Boot cache: C:/Users/I3 3220/AppData/Local/UnrealEngine/4.25/DerivedDataCache/Boot.ddc
[2020.08.29-18.55.17:934][  0]LogDerivedDataCache: FDerivedDataBackendGraph:  Pak pak cache file ../../../../../../Users/I3 3220/Documents/Unreal Projects/SabadoClase2/DerivedDataCache/DDC.ddp not found, will not use a pak cache.
[2020.08.29-18.55.17:934][  0]LogDerivedDataCache: Unable to find inner node Pak for hierarchical cache Hierarchy.
[2020.08.29-18.55.17:934][  0]LogDerivedDataCache: FDerivedDataBackendGraph:  CompressedPak pak cache file ../../../../../../Users/I3 3220/Documents/Unreal Projects/SabadoClase2/DerivedDataCache/Compressed.ddp not found, will not use a pak cache.
[2020.08.29-18.55.17:934][  0]LogDerivedDataCache: Unable to find inner node CompressedPak for hierarchical cache Hierarchy.
[2020.08.29-18.55.17:949][  0]LogDerivedDataCache: Display: Pak cache opened for reading ../../../Engine/DerivedDataCache/Compressed.ddp.
[2020.08.29-18.55.17:949][  0]LogDerivedDataCache: FDerivedDataBackendGraph:  EnterprisePak pak cache file ../../../Enterprise/DerivedDataCache/Compressed.ddp not found, will not use a pak cache.
[2020.08.29-18.55.17:949][  0]LogDerivedDataCache: Unable to find inner node EnterprisePak for hierarchical cache Hierarchy.
[2020.08.29-18.55.17:951][  0]LogDerivedDataCache: Using Local data cache path C:/Users/I3 3220/AppData/Local/UnrealEngine/Common/DerivedDataCache: Writable
[2020.08.29-18.55.17:951][  0]LogDerivedDataCache: Shared data cache path not found in *engine.ini, will not use an Shared cache.
[2020.08.29-18.55.17:951][  0]LogDerivedDataCache: Unable to find inner node Shared for hierarchical cache Hierarchy.
[2020.08.29-18.55.18:040][  0]LogSlate: Using FreeType 2.10.0
[2020.08.29-18.55.18:040][  0]LogSlate: SlateFontServices - WITH_FREETYPE: 1, WITH_HARFBUZZ: 1
[2020.08.29-18.55.18:087][  0]LogAssetRegistry: FAssetRegistry took 0.0046 seconds to start up
[2020.08.29-18.55.18:523][  0]LogInit: Selected Device Profile: [Windows]
[2020.08.29-18.55.18:698][  0]LogMeshReduction: Using QuadricMeshReduction for automatic static mesh reduction
[2020.08.29-18.55.18:698][  0]LogMeshReduction: Using SimplygonMeshReduction for automatic skeletal mesh reduction
[2020.08.29-18.55.18:698][  0]LogMeshReduction: Using ProxyLODMeshReduction for automatic mesh merging
[2020.08.29-18.55.18:698][  0]LogMeshReduction: No distributed automatic mesh merging module available
[2020.08.29-18.55.18:698][  0]LogMeshMerging: No distributed automatic mesh merging module available
[2020.08.29-18.55.18:720][  0]LogNetVersion: SabadoClase2 1.0.0, NetCL: 13144385, EngineNetVer: 14, GameNetVer: 0 (Checksum: 4214546772)
[2020.08.29-18.55.19:499][  0]LogAISub: UAISubsystem::UAISubsystem AISubsystem (0000027EF1F11EC0), frame # 0
[2020.08.29-18.55.19:499][  0]LogAISub: UAISubsystem::UAISubsystem AIPerceptionSystem (0000027EF1E82AC0), frame # 0
[2020.08.29-18.55.19:502][  0]LogAISub: UAISubsystem::UAISubsystem EnvQueryManager (0000027EF1EC9E00), frame # 0
[2020.08.29-18.55.19:703][  0]LogPackageLocalizationCache: Processed 19 localized package path(s) for 2 prioritized culture(s) in 0.188283 seconds
[2020.08.29-18.55.19:713][  0]LogUObjectArray: 15917 objects as part of root set at end of initial load.
[2020.08.29-18.55.19:713][  0]LogUObjectAllocator: 3965568 out of 0 bytes used by permanent object pool.
[2020.08.29-18.55.19:713][  0]LogUObjectArray: CloseDisregardForGC: 0/0 objects in disregard for GC pool
[2020.08.29-18.55.20:430][  0]LogTcpMessaging: Initializing TcpMessaging bridge
[2020.08.29-18.55.20:438][  0]LogUdpMessaging: Initializing bridge on interface 0.0.0.0:0 to multicast group 230.0.0.1:6666.
[2020.08.29-18.55.20:511][  0]LogLinker: Warning: Error al cargar '{FileName}': No puede encontrar el archivo
[2020.08.29-18.55.20:511][  0]LogLinker: Warning: Error al cargar '{FileName}': No puede encontrar el archivo
[2020.08.29-18.55.20:511][  0]LogUObjectGlobals: Warning: Error al encontrar el objeto 'Class /Game/VehicleBP/VehicleOverview.VehicleOverview_C'
[2020.08.29-18.55.20:568][  0]SourceControl: El control de código fuente está desactivado
[2020.08.29-18.55.20:568][  0]SourceControl: El control de código fuente está desactivado
[2020.08.29-18.55.20:572][  0]SourceControl: El control de código fuente está desactivado
[2020.08.29-18.55.20:576][  0]SourceControl: El control de código fuente está desactivado
[2020.08.29-18.55.20:587][  0]SourceControl: El control de código fuente está desactivado
[2020.08.29-18.55.20:961][  0]LogAndroidPermission: UAndroidPermissionCallbackProxy::GetInstance
[2020.08.29-18.55.20:993][  0]LogAudioCaptureCore: Display: No Audio Capture implementations found. Audio input will be silent.
[2020.08.29-18.55.20:994][  0]LogAudioCaptureCore: Display: No Audio Capture implementations found. Audio input will be silent.
[2020.08.29-18.55.21:071][  0]LogOcInput: OculusInput pre-init called
[2020.08.29-18.55.21:087][  0]LogWindows: Failed to load 'OVRPlugin.dll' (GetLastError=126)
[2020.08.29-18.55.21:087][  0]LogWindows: File 'OVRPlugin.dll' does not exist
[2020.08.29-18.55.21:176][  0]LogEngine: Initializing Engine...
[2020.08.29-18.55.21:178][  0]LogHMD: Failed to initialize OpenVR with code 110
[2020.08.29-18.55.21:178][  0]LogMagicLeap: Warning: VR disabled because ZI is not enabled.  To enable, in the editor, Edit -> Project Settings -> Plugins -> Magic Leap Plugin -> Enable Zero Iteration
[2020.08.29-18.55.21:179][  0]LogStats: UGameplayTagsManager::InitializeManager -  0.000 s
[2020.08.29-18.55.21:366][  0]LogInit: Initializing FReadOnlyCVARCache
[2020.08.29-18.55.21:375][  0]LogAIModule: Creating AISystem for world Untitled
[2020.08.29-18.55.21:375][  0]LogAISub: UAISubsystem::UAISubsystem EnvQueryManager (0000027EF973BC00), frame # 0
[2020.08.29-18.55.21:376][  0]LogAISub: UAISubsystem::UAISubsystem AIPerceptionSystem (0000027EF977AE80), frame # 0
[2020.08.29-18.55.21:403][  0]LogAudioMixer: Display: Audio Mixer Platform Settings:
[2020.08.29-18.55.21:403][  0]LogAudioMixer: Display: 	Sample Rate:						  48000
[2020.08.29-18.55.21:403][  0]LogAudioMixer: Display: 	Callback Buffer Frame Size Requested: 1024
[2020.08.29-18.55.21:403][  0]LogAudioMixer: Display: 	Callback Buffer Frame Size To Use:	  1024
[2020.08.29-18.55.21:403][  0]LogAudioMixer: Display: 	Number of buffers to queue:			  2
[2020.08.29-18.55.21:403][  0]LogAudioMixer: Display: 	Max Channels (voices):				  32
[2020.08.29-18.55.21:403][  0]LogAudioMixer: Display: 	Number of Async Source Workers:		  0
[2020.08.29-18.55.21:404][  0]LogAudio: Display: AudioDevice MaxSources: 32
[2020.08.29-18.55.21:404][  0]LogAudio: Display: Using built-in audio occlusion.
[2020.08.29-18.55.21:404][  0]LogAudioMixer: Display: Initializing audio mixer.
[2020.08.29-18.55.21:422][  0]LogAudioMixer: Display: 0: FrontLeft
[2020.08.29-18.55.21:422][  0]LogAudioMixer: Display: 1: FrontRight
[2020.08.29-18.55.21:486][  0]LogAudioMixer: Display: Using Audio Device Altavoces (High Definition Audio Device)
[2020.08.29-18.55.21:490][  0]LogAudioMixer: Display: Initializing Sound Submixes...
[2020.08.29-18.55.21:493][  0]LogAudioMixer: Display: Creating Master Submix 'MasterSubmixDefault'
[2020.08.29-18.55.21:493][  0]LogAudioMixer: Display: Creating Master Submix 'MasterReverbSubmixDefault'
[2020.08.29-18.55.21:494][  0]LogAudioMixer: Display: Creating Master Submix 'MasterEQSubmixDefault'
[2020.08.29-18.55.21:496][  0]LogInit: FAudioDevice initialized.
[2020.08.29-18.55.21:496][  0]LogNetVersion: Set ProjectVersion to 1.0.0.0. Version Checksum will be recalculated on next use.
[2020.08.29-18.55.21:630][  0]LogDerivedDataCache: Saved boot cache 0.13s 75MB C:/Users/I3 3220/AppData/Local/UnrealEngine/4.25/DerivedDataCache/Boot.ddc.
[2020.08.29-18.55.21:644][  0]LogInit: Texture streaming: Enabled
[2020.08.29-18.55.21:672][  0]LogEngineSessionManager: EngineSessionManager initialized
[2020.08.29-18.55.21:673][  0]LogEditorSessionSummary: Verbose: Initializing EditorSessionSummaryWriter for editor session tracking
[2020.08.29-18.55.21:675][  0]LogEditorSessionSummary: EditorSessionSummaryWriter initialized
[2020.08.29-18.55.21:754][  0]LogInit: Transaction tracking system initialized
[2020.08.29-18.55.21:789][  0]BlueprintLog: New page: Cargar el editor
[2020.08.29-18.55.21:895][  0]LocalizationService: Localization service is disabled
[2020.08.29-18.55.22:143][  0]LogCook: Display: Max memory allowance for cook 16384mb min free memory 0mb
[2020.08.29-18.55.22:143][  0]LogCook: Display: Mobile HDR setting 1
[2020.08.29-18.55.22:372][  0]LogFileCache: Scanning file cache for directory 'C:/Users/I3 3220/Documents/Unreal Projects/SabadoClase2/Content/' took 0.00s
[2020.08.29-18.55.22:832][  0]SourceControl: El control de código fuente está desactivado
[2020.08.29-18.55.22:832][  0]LogUnrealEdMisc: Loading editor; pre map load, took 10.686
[2020.08.29-18.55.22:832][  0]Cmd: MAP LOAD FILE="../../../Engine/Content/Maps/Templates/Template_Default.umap" TEMPLATE=1 SHOWPROGRESS=1 FEATURELEVEL=3
[2020.08.29-18.55.22:833][  0]LightingResults: New page: Diseñar la iluminación
[2020.08.29-18.55.22:834][  0]LogWorld: UWorld::CleanupWorld for Untitled, bSessionEnded=true, bCleanupResources=true
[2020.08.29-18.55.22:834][  0]LogSlate: InvalidateAllWidgets triggered.  All widgets were invalidated
[2020.08.29-18.55.22:835][  0]MapCheck: New page: Revisión del mapa
[2020.08.29-18.55.22:835][  0]LightingResults: New page: Diseñar la iluminación
[2020.08.29-18.55.22:844][  0]LogAISub: UAISubsystem::~UAISubsystem EnvQueryManager (0000027EF973BC00), frame # 0
[2020.08.29-18.55.22:844][  0]LogAISub: UAISubsystem::~UAISubsystem AIPerceptionSystem (0000027EF977AE80), frame # 0
[2020.08.29-18.55.22:845][  0]LogUObjectHash: Compacting FUObjectHashTables data took   0.93ms
[2020.08.29-18.55.22:986][  0]LogAIModule: Creating AISystem for world Untitled_1
[2020.08.29-18.55.22:986][  0]LogAISub: UAISubsystem::UAISubsystem EnvQueryManager (0000027EE57A5000), frame # 0
[2020.08.29-18.55.22:986][  0]LogAISub: UAISubsystem::UAISubsystem AIPerceptionSystem (0000027EEEB5DBC0), frame # 0
[2020.08.29-18.55.22:994][  0]LogEditorServer: Finished looking for orphan Actors (0.000 secs)
[2020.08.29-18.55.23:012][  0]LogUObjectHash: Compacting FUObjectHashTables data took   1.69ms
[2020.08.29-18.55.23:012][  0]Cmd: MAP CHECKDEP NOCLEARLOG
[2020.08.29-18.55.23:013][  0]MapCheck: Map check complete: 0 Error(s), 0 Warning(s), took 0.327ms to complete.
[2020.08.29-18.55.23:013][  0]LogFileHelpers: Loading map 'Template_Default' took 0.181
[2020.08.29-18.55.23:017][  0]LogUnrealEdMisc: Total Editor Startup Time, took 10.871
[2020.08.29-18.55.23:212][  0]LogSlate: Updating window title bar state: overlay mode, drag disabled, window buttons hidden, title bar hidden
[2020.08.29-18.55.23:223][  0]LogSlate: Updating window title bar state: overlay mode, drag disabled, window buttons hidden, title bar hidden
[2020.08.29-18.55.23:234][  0]LogSlate: Updating window title bar state: overlay mode, drag disabled, window buttons hidden, title bar hidden
[2020.08.29-18.55.23:244][  0]LogSlate: Updating window title bar state: overlay mode, drag disabled, window buttons hidden, title bar hidden
[2020.08.29-18.55.23:255][  0]LogCollectionManager: Loaded 0 collections in 0.002300 seconds
[2020.08.29-18.55.23:274][  0]LogFileCache: Scanning file cache for directory 'C:/Users/I3 3220/Documents/Unreal Projects/SabadoClase2/Saved/Collections/' took 0.00s
[2020.08.29-18.55.23:274][  0]LogFileCache: Scanning file cache for directory 'C:/Users/I3 3220/Documents/Unreal Projects/SabadoClase2/Content/Developers/I33220/Collections/' took 0.00s
[2020.08.29-18.55.23:274][  0]LogFileCache: Scanning file cache for directory 'C:/Users/I3 3220/Documents/Unreal Projects/SabadoClase2/Content/Collections/' took 0.00s
[2020.08.29-18.55.23:274][  0]LogContentBrowser: Native class hierarchy populated in 0.0138 seconds. Added 3428 classes and 823 folders.
[2020.08.29-18.55.23:277][  0]LogContentBrowser: Native class hierarchy updated for 'WidgetCarousel' in 0.0004 seconds. Added 0 classes and 0 folders.
[2020.08.29-18.55.23:352][  0]LogContentBrowser: Native class hierarchy updated for 'AddContentDialog' in 0.0005 seconds. Added 0 classes and 0 folders.
[2020.08.29-18.55.23:353][  0]LogContentBrowser: Native class hierarchy updated for 'SceneOutliner' in 0.0004 seconds. Added 2 classes and 0 folders.
[2020.08.29-18.55.23:404][  0]LogSlate: Took 0.000268 seconds to synchronously load lazily loaded font '../../../Engine/Content/Slate/Fonts/Roboto-Regular.ttf' (155K)
[2020.08.29-18.55.23:407][  0]LogSlate: Took 0.000292 seconds to synchronously load lazily loaded font '../../../Engine/Content/Slate/Fonts/Roboto-Bold.ttf' (160K)
[2020.08.29-18.55.23:417][  0]LogSlate: Took 0.000284 seconds to synchronously load lazily loaded font '../../../Engine/Content/Editor/Slate/Fonts/FontAwesome.ttf' (139K)
[2020.08.29-18.55.23:520][  0]LogRenderer: Reallocating scene render targets to support 824x348 Format 10 NumSamples 1 (Frame:1).
[2020.08.29-18.55.23:666][  0]LogContentBrowser: Native class hierarchy updated for 'HierarchicalLODOutliner' in 0.0007 seconds. Added 0 classes and 0 folders.
[2020.08.29-18.55.23:666][  0]LogLoad: (Engine Initialization) Total time: 11.52 seconds
[2020.08.29-18.55.23:666][  0]LogLoad: (Engine Initialization) Total Blueprint compile time: 0.00 seconds
[2020.08.29-18.55.23:719][  0]LogAssetRegistry: Asset discovery search completed in 5.6328 seconds
[2020.08.29-18.55.23:724][  0]LogCollectionManager: Fixed up redirectors for 0 collections in 0.000003 seconds (updated 0 objects)
[2020.08.29-18.55.23:724][  0]LogContentStreaming: Texture pool size now 1000 MB
[2020.08.29-18.55.23:738][  0]LogSlate: Took 0.000220 seconds to synchronously load lazily loaded font '../../../Engine/Content/Slate/Fonts/Roboto-Light.ttf' (167K)
[2020.08.29-18.55.35:619][281]LogUProjectInfo: Found projects:
[2020.08.29-18.55.35:625][281]LogSlate: WidgetSwitcher ('None') active index changed to -1
[2020.08.29-18.55.35:625][281]LogSlate: WidgetSwitcher ('None') active index changed to 1
[2020.08.29-18.55.35:685][281]LogSlate: Took 0.000219 seconds to synchronously load lazily loaded font '../../../Engine/Content/Slate/Fonts/Roboto-BoldCondensed.ttf' (158K)
[2020.08.29-18.55.43:512][ 97]LogSlate: Window 'Open Project' being destroyed
[2020.08.29-18.55.55:112][314]LogUObjectHash: Compacting FUObjectHashTables data took   1.15ms
[2020.08.29-18.55.55:114][314]Cmd: MAP LOAD FILE="../../../../../../Users/I3 3220/Documents/Unreal Projects/SabadoClase2/Content/Level/Level1.umap" TEMPLATE=0 SHOWPROGRESS=1 FEATURELEVEL=3
[2020.08.29-18.55.55:119][314]LogSlate: Took 0.000177 seconds to synchronously load lazily loaded font '../../../Engine/Content/Slate/Fonts/Roboto-Light.ttf' (167K)
[2020.08.29-18.55.55:150][314]LightingResults: New page: Diseñar la iluminación
[2020.08.29-18.55.55:151][314]LoadErrors: New page: Cargando mapa: Level1.umap
[2020.08.29-18.55.55:181][314]LogWorld: UWorld::CleanupWorld for Untitled_1, bSessionEnded=true, bCleanupResources=true
[2020.08.29-18.55.55:181][314]LogSlate: InvalidateAllWidgets triggered.  All widgets were invalidated
[2020.08.29-18.55.55:181][314]MapCheck: New page: Revisión del mapa
[2020.08.29-18.55.55:181][314]LightingResults: New page: Diseñar la iluminación
[2020.08.29-18.55.55:196][314]LogAISub: UAISubsystem::~UAISubsystem EnvQueryManager (0000027EE57A5000), frame # 3314
[2020.08.29-18.55.55:196][314]LogAISub: UAISubsystem::~UAISubsystem AIPerceptionSystem (0000027EEEB5DBC0), frame # 3314
[2020.08.29-18.55.55:197][314]LogUObjectHash: Compacting FUObjectHashTables data took   1.24ms
[2020.08.29-18.55.55:241][314]LogAIModule: Creating AISystem for world Level1
[2020.08.29-18.55.55:242][314]LogAISub: UAISubsystem::UAISubsystem EnvQueryManager (0000027EF97A5600), frame # 3314
[2020.08.29-18.55.55:242][314]LogAISub: UAISubsystem::UAISubsystem AIPerceptionSystem (0000027E8504AE80), frame # 3314
[2020.08.29-18.55.55:319][314]LogEditorServer: Finished looking for orphan Actors (0.000 secs)
[2020.08.29-18.55.55:347][314]LogUObjectHash: Compacting FUObjectHashTables data took   0.74ms
[2020.08.29-18.55.55:390][314]Cmd: MAP CHECKDEP NOCLEARLOG
[2020.08.29-18.55.55:390][314]MapCheck: Map check complete: 0 Error(s), 0 Warning(s), took 0.214ms to complete.
[2020.08.29-18.55.55:391][314]LogFileHelpers: Loading map 'Level1' took 0.276
[2020.08.29-18.55.55:391][314]LogSlate: Window 'Open Level' being destroyed
[2020.08.29-18.56.05:887][364]LogEditorViewport: Clicking on Actor (LMB): StaticMeshActor (Sphere)
[2020.08.29-18.56.08:575][608]Cmd: DELETE
[2020.08.29-18.56.08:575][608]Cmd: ACTOR DELETE
[2020.08.29-18.56.08:583][608]LogEditorActor: Deleted Actor: StaticMeshActor
[2020.08.29-18.56.08:594][608]LogUObjectHash: Compacting FUObjectHashTables data took   0.33ms
[2020.08.29-18.56.08:596][608]LogEditorActor: Deleted 1 Actors (0.021 secs)
[2020.08.29-18.56.14:378][163]LogActorFactory: Actor Factory created Sphere
[2020.08.29-18.56.15:012][230]LogActorFactory: Actor Factory created Sphere
[2020.08.29-18.56.20:185][706]LogSlate: WidgetSwitcher ('None') active index changed to -1
[2020.08.29-18.56.20:185][706]LogSlate: WidgetSwitcher ('None') active index changed to 0
[2020.08.29-18.56.22:238][706]LogSlate: WidgetSwitcher ('None') active index changed to 1
[2020.08.29-18.56.35:885][706]LogSlate: Window 'Add C++ Component' being destroyed
[2020.08.29-18.56.35:891][706]LogUObjectGlobals: Warning: Error al encontrar el objeto 'Class Ninguno.'
[2020.08.29-19.01.54:732][519]LogSlate: Took 0.000176 seconds to synchronously load lazily loaded font '../../../Engine/Content/Slate/Fonts/DroidSansMono.ttf' (77K)
[2020.08.29-19.02.00:905][ 77]LogEditorViewport: Clicking on Actor (LMB): BP_Sky_Sphere_C (Sky Sphere)
[2020.08.29-19.02.01:896][167]LogEditorViewport: Clicking on Actor (LMB): BP_Sky_Sphere_C (Sky Sphere)
[2020.08.29-19.02.05:360][480]LogTemp: Repeating last play command: Selected Viewport
[2020.08.29-19.02.05:558][480]LogPlayLevel: PlayLevel: No blueprints needed recompiling
[2020.08.29-19.02.05:587][480]PIE: New page: Sesión PIE (reproducción en el editor): Level1 (29 ago. 2020 09:02:05)
[2020.08.29-19.02.05:798][480]LogOnline: OSS: Creating online subsystem instance for: NULL
[2020.08.29-19.02.05:846][480]LogOnline: OSS: TryLoadSubsystemAndSetDefault: Loaded subsystem for module [NULL]
[2020.08.29-19.02.06:035][480]LogPlayLevel: Creating play world package: /Game/Level/UEDPIE_0_Level1
[2020.08.29-19.02.06:344][480]LogPlayLevel: PIE: StaticDuplicateObject took: (0.308765s)
[2020.08.29-19.02.06:391][480]LogAIModule: Creating AISystem for world Level1
[2020.08.29-19.02.06:392][480]LogAISub: UAISubsystem::UAISubsystem EnvQueryManager (0000027EAF2CBE00), frame # 20480
[2020.08.29-19.02.06:392][480]LogAISub: UAISubsystem::UAISubsystem AIPerceptionSystem (0000027ED5254400), frame # 20480
[2020.08.29-19.02.06:392][480]LogPlayLevel: PIE: World Init took: (0.048104s)
[2020.08.29-19.02.06:392][480]LogPlayLevel: PIE: Created PIE world by copying editor world from /Game/Level/Level1.Level1 to /Game/Level/UEDPIE_0_Level1.Level1 (0.357160s)
[2020.08.29-19.02.06:475][480]LogUObjectHash: Compacting FUObjectHashTables data took   1.27ms
[2020.08.29-19.02.06:615][480]LogAudioMixer: Display: Audio Mixer Platform Settings:
[2020.08.29-19.02.06:615][480]LogAudioMixer: Display: 	Sample Rate:						  48000
[2020.08.29-19.02.06:615][480]LogAudioMixer: Display: 	Callback Buffer Frame Size Requested: 1024
[2020.08.29-19.02.06:615][480]LogAudioMixer: Display: 	Callback Buffer Frame Size To Use:	  1024
[2020.08.29-19.02.06:615][480]LogAudioMixer: Display: 	Number of buffers to queue:			  2
[2020.08.29-19.02.06:615][480]LogAudioMixer: Display: 	Max Channels (voices):				  32
[2020.08.29-19.02.06:615][480]LogAudioMixer: Display: 	Number of Async Source Workers:		  0
[2020.08.29-19.02.06:615][480]LogAudio: Display: AudioDevice MaxSources: 32
[2020.08.29-19.02.06:616][480]LogAudio: Display: Using built-in audio occlusion.
[2020.08.29-19.02.06:616][480]LogAudioMixer: Display: Initializing audio mixer.
[2020.08.29-19.02.06:625][480]LogAudioMixer: Display: 0: FrontLeft
[2020.08.29-19.02.06:625][480]LogAudioMixer: Display: 1: FrontRight
[2020.08.29-19.02.06:656][480]LogAudioMixer: Display: Using Audio Device Altavoces (High Definition Audio Device)
[2020.08.29-19.02.06:660][480]LogAudioMixer: Display: Initializing Sound Submixes...
[2020.08.29-19.02.06:660][480]LogAudioMixer: Display: Creating Master Submix 'MasterSubmixDefault'
[2020.08.29-19.02.06:660][480]LogAudioMixer: Display: Creating Master Submix 'MasterReverbSubmixDefault'
[2020.08.29-19.02.06:661][480]LogAudioMixer: Display: Creating Master Submix 'MasterEQSubmixDefault'
[2020.08.29-19.02.06:678][480]LogInit: FAudioDevice initialized.
[2020.08.29-19.02.07:136][480]LogLoad: Game class is 'GameModeBase'
[2020.08.29-19.02.07:495][480]LogWorld: Bringing World /Game/Level/UEDPIE_0_Level1.Level1 up for play (max tick rate 0) at 2020.08.29-14.02.07
[2020.08.29-19.02.07:504][480]LogWorld: Bringing up level for play took: 0.009560
[2020.08.29-19.02.07:539][480]LogOnline: OSS: Creating online subsystem instance for: :Context_3
[2020.08.29-19.02.07:967][480]LogContentBrowser: Native class hierarchy updated for 'MovieSceneCapture' in 0.0006 seconds. Added 20 classes and 0 folders.
[2020.08.29-19.02.08:046][480]PIE: El servidor ha iniciado la sesión
[2020.08.29-19.02.08:047][480]PIE: Play in editor total start time 2.646 seconds.
[2020.08.29-19.03.40:275][165]LogSlate: Updating window title bar state: overlay mode, drag disabled, window buttons hidden, title bar hidden
[2020.08.29-19.03.40:275][165]LogWorld: BeginTearingDown for /Game/Level/UEDPIE_0_Level1
[2020.08.29-19.03.40:275][165]LogWorld: UWorld::CleanupWorld for Level1, bSessionEnded=true, bCleanupResources=true
[2020.08.29-19.03.40:276][165]LogSlate: InvalidateAllWidgets triggered.  All widgets were invalidated
[2020.08.29-19.03.40:388][165]LogPlayLevel: Display: Shutting down PIE online subsystems
[2020.08.29-19.03.40:390][165]LogSlate: InvalidateAllWidgets triggered.  All widgets were invalidated
[2020.08.29-19.03.40:451][165]LogSlate: Updating window title bar state: overlay mode, drag disabled, window buttons hidden, title bar hidden
[2020.08.29-19.03.40:627][165]LogAISub: UAISubsystem::~UAISubsystem EnvQueryManager (0000027EAF2CBE00), frame # 28165
[2020.08.29-19.03.40:627][165]LogAISub: UAISubsystem::~UAISubsystem AIPerceptionSystem (0000027ED5254400), frame # 28165
[2020.08.29-19.03.40:628][165]LogUObjectHash: Compacting FUObjectHashTables data took   1.32ms
[2020.08.29-19.03.40:683][166]LogPlayLevel: Display: Destroying online subsystem :Context_3
[2020.08.29-19.03.42:412][353]LogEditorViewport: Clicking on Actor (LMB): StaticMeshActor (Sphere)
[2020.08.29-19.03.47:539][696]LogSlate: Took 0.000199 seconds to synchronously load lazily loaded font '../../../Engine/Content/Slate/Fonts/Roboto-Italic.ttf' (157K)
[2020.08.29-19.03.49:095][823]LogEditorViewport: Clicking on Actor (LMB): StaticMeshActor (2x1_Door_and_Frame_Frame)
[2020.08.29-19.03.50:833][981]LogEditorViewport: Clicking on Actor (LMB): StaticMeshActor (2x1_Door_and_Frame_Frame)
[2020.08.29-19.03.51:374][ 31]LogEditorViewport: Clicking on Actor (LMB): BP_Sky_Sphere_C (Sky Sphere)
[2020.08.29-19.03.52:659][140]LogEditorViewport: Clicking on Actor (LMB): StaticMeshActor (Sphere)
[2020.08.29-19.04.13:418][258]LogSlate: WidgetSwitcher ('None') active index changed to -1
[2020.08.29-19.04.13:418][258]LogSlate: WidgetSwitcher ('None') active index changed to 0
[2020.08.29-19.04.15:192][258]LogSlate: WidgetSwitcher ('None') active index changed to 1
[2020.08.29-19.04.29:547][258]Candidate modules for hot reload:
[2020.08.29-19.04.29:547][258]  SabadoClase2
[2020.08.29-19.04.29:548][258]Launching UnrealBuildTool... [C:/Program Files/Epic Games/UE_4.25/Engine/Binaries/DotNET/UnrealBuildTool.exe  -ModuleWithSuffix=SabadoClase2,6440 SabadoClase2Editor Win64 Development -Project="C:/Users/I3 3220/Documents/Unreal Projects/SabadoClase2/SabadoClase2.uproject" "C:/Users/I3 3220/Documents/Unreal Projects/SabadoClase2/SabadoClase2.uproject"  -IgnoreJunk]
[2020.08.29-19.10.09:388][258]CompilerResultsLog: New page: Compilación - 29 ago. 2020 09:10:09
[2020.08.29-19.10.09:518][258]CompilerResultsLog: Invalidating makefile for SabadoClase2Editor (source file added)
[2020.08.29-19.10.09:518][258]CompilerResultsLog: Parsing headers for SabadoClase2Editor
[2020.08.29-19.10.09:518][258]CompilerResultsLog:   Running UnrealHeaderTool "C:\Users\I3 3220\Documents\Unreal Projects\SabadoClase2\SabadoClase2.uproject" "C:\Users\I3 3220\Documents\Unreal Projects\SabadoClase2\Intermediate\Build\Win64\SabadoClase2Editor\Development\SabadoClase2Editor.uhtmanifest" -LogCmds="loginit warning, logexit warning, logdatabase error" -Unattended -WarningsAsErrors -abslog="C:\Users\I3 3220\AppData\Local\UnrealBuildTool\Log_UHT.txt" -installed
[2020.08.29-19.10.09:518][258]CompilerResultsLog: Reflection code generated for SabadoClase2Editor in 11.4987939 seconds
[2020.08.29-19.10.09:518][258]CompilerResultsLog: Building SabadoClase2Editor...
[2020.08.29-19.10.09:518][258]CompilerResultsLog: Using Visual Studio 2019 14.27.29111 toolchain (C:\Program Files (x86)\Microsoft Visual Studio\2019\Community\VC\Tools\MSVC\14.27.29110) and Windows 10.0.18362.0 SDK (C:\Program Files (x86)\Windows Kits\10).
[2020.08.29-19.10.09:518][258]CompilerResultsLog: Building 11 actions with 4 processes...
[2020.08.29-19.10.09:518][258]LogMainFrame: MainFrame: Module compiling took 339.975 seconds
[2020.08.29-19.10.09:854][258]Warning: HotReload failed, recompile failed
[2020.08.29-19.10.09:888][258]Warning: RebindPackages failed because compilation failed.
[2020.08.29-19.10.24:710][258]LogSlate: Window 'Mensaje' being destroyed
[2020.08.29-19.10.24:713][258]Message dialog closed, result: Cancel, title: Mensaje, text: Successfully added class 'WorldPosition2', however you must recompile the 'SabadoClase2' module before it will appear in the Content Browser. Failed to automatically hot reload the 'SabadoClase2' module.

Would you like to open the Output Log to see more details?
[2020.08.29-19.10.24:713][258]LogSlate: Window 'Add C++ Component' being destroyed
[2020.08.29-19.10.24:718][258]LogUObjectGlobals: Warning: Error al encontrar el objeto 'Class /Script/SabadoClase2.WorldPosition2'
